<?xml version="1.0" encoding="UTF-8"?>
<!-- Generated by org.testng.reporters.JUnitReportReporter -->
<testsuite hostname="DESKTOP-QSD88I6" failures="0" tests="2" name="demotoday.Annotations" time="0.008" errors="0" timestamp="2023-12-03T18:59:34 IST" skipped="0">
  <testcase classname="demotoday.Annotations" name="AdavncedSearch" time="0.006"/>
  <system-out/>
  <testcase classname="demotoday.Annotations" name="search" time="0.002"/>
  <system-out/>
</testsuite> <!-- demotoday.Annotations -->
