<?xml version="1.0" encoding="UTF-8"?>
<!-- Generated by org.testng.reporters.JUnitReportReporter -->
<testsuite hostname="DESKTOP-QSD88I6" failures="0" tests="2" name="day39.pack.Class1" time="0.005" errors="0" timestamp="2024-03-20T13:17:43 IST" skipped="0">
  <testcase classname="day39.pack.Class1" name="main2" time="0.001"/>
  <system-out/>
  <testcase classname="day39.pack.Class1" name="main2" time="0.004"/>
  <system-out/>
</testsuite> <!-- day39.pack.Class1 -->
