<?xml version="1.0" encoding="UTF-8"?>
<!-- Generated by org.testng.reporters.JUnitReportReporter -->
<testsuite hostname="DESKTOP-QSD88I6" failures="0" tests="1" name="day40.SignUpTest" time="0.008" errors="0" timestamp="2023-07-31T22:40:56 IST" skipped="0">
  <testcase classname="day40.SignUpTest" name="signupbyemail" time="0.008"/>
  <system-out/>
</testsuite> <!-- day40.SignUpTest -->
