<?xml version="1.0" encoding="UTF-8"?>
<!-- Generated by org.testng.reporters.JUnitReportReporter -->
<testsuite hostname="DESKTOP-QSD88I6" failures="0" tests="4" name="demotoday.OrnHrm" time="14.721" errors="0" timestamp="2023-12-02T21:07:23 IST" skipped="0">
  <testcase classname="demotoday.OrnHrm" name="setup" time="10.588"/>
  <system-out/>
  <testcase classname="demotoday.OrnHrm" name="display" time="0.596"/>
  <system-out/>
  <testcase classname="demotoday.OrnHrm" name="login" time="3.236"/>
  <system-out/>
  <testcase classname="demotoday.OrnHrm" name="logout" time="0.301"/>
  <system-out/>
</testsuite> <!-- demotoday.OrnHrm -->
