<?xml version="1.0" encoding="UTF-8"?>
<!-- Generated by org.testng.reporters.JUnitReportReporter -->
<testsuite hostname="DESKTOP-QSD88I6" failures="0" tests="2" name="revision.day39.AnnotationDemo2" time="0.011" errors="0" timestamp="2023-09-24T20:53:30 IST" skipped="0">
  <testcase classname="revision.day39.AnnotationDemo2" name="search" time="0.010"/>
  <system-out/>
  <testcase classname="revision.day39.AnnotationDemo2" name="Advsearch" time="0.001"/>
  <system-out/>
</testsuite> <!-- revision.day39.AnnotationDemo2 -->
