<?xml version="1.0" encoding="UTF-8"?>
<!-- Generated by org.testng.reporters.JUnitReportReporter -->
<testsuite hostname="DESKTOP-QSD88I6" failures="0" tests="3" name="day38.OrangeHrm" time="0.013" errors="0" timestamp="2023-07-30T23:05:14 IST" skipped="0">
  <testcase classname="day38.OrangeHrm" name="openapp" time="0.009"/>
  <system-out/>
  <testcase classname="day38.OrangeHrm" name="login" time="0.002"/>
  <system-out/>
  <testcase classname="day38.OrangeHrm" name="logout" time="0.002"/>
  <system-out/>
</testsuite> <!-- day38.OrangeHrm -->
