<?xml version="1.0" encoding="UTF-8"?>
<!-- Generated by org.testng.reporters.JUnitReportReporter -->
<testsuite hostname="DESKTOP-QSD88I6" failures="0" tests="2" name="ParaTest" time="6.146" errors="0" timestamp="2023-09-25T09:14:35 IST" skipped="0">
  <testcase classname="ParaTest" name="pageTitle" time="3.029"/>
  <system-out/>
  <testcase classname="ParaTest" name="testLogo" time="3.117"/>
  <system-out/>
</testsuite> <!-- ParaTest -->
