<?xml version="1.0" encoding="UTF-8"?>
<!-- Generated by org.testng.reporters.JUnitReportReporter -->
<testsuite hostname="DESKTOP-QSD88I6" failures="0" tests="1" name="page_Object.LoginPage" time="4.435" errors="0" timestamp="2024-02-27T20:07:03 IST" skipped="0">
  <testcase classname="page_Object.LoginPage" name="login" time="4.435"/>
  <system-out/>
</testsuite> <!-- page_Object.LoginPage -->
