<?xml version="1.0" encoding="UTF-8"?>
<!-- Generated by org.testng.reporters.JUnitReportReporter -->
<testsuite hostname="DESKTOP-QSD88I6" failures="0" tests="3" name="revision.day40.ParamTest" time="6.177" errors="0" timestamp="2023-08-07T12:23:17 IST" skipped="0">
  <testcase classname="revision.day40.ParamTest" name="title" time="3.021"/>
  <system-out/>
  <testcase classname="revision.day40.ParamTest" name="url" time="0.008"/>
  <system-out/>
  <testcase classname="revision.day40.ParamTest" name="logo" time="3.148"/>
  <system-out/>
</testsuite> <!-- revision.day40.ParamTest -->
