<?xml version="1.0" encoding="UTF-8"?>
<!-- Generated by org.testng.reporters.JUnitReportReporter -->
<testsuite hostname="DESKTOP-QSD88I6" failures="0" tests="1" name="Pom_101.copy.Login" time="3.650" errors="0" timestamp="2024-03-23T10:33:47 IST" skipped="0">
  <testcase classname="Pom_101.copy.Login" name="login" time="3.650"/>
  <system-out/>
</testsuite> <!-- Pom_101.copy.Login -->
