<?xml version="1.0" encoding="UTF-8"?>
<!-- Generated by org.testng.reporters.JUnitReportReporter -->
<testsuite hostname="DESKTOP-QSD88I6" failures="0" tests="1" name="revision.day40.SignUpTest" time="0.001" errors="0" timestamp="2024-01-07T11:00:35 IST" skipped="0">
  <testcase classname="revision.day40.SignUpTest" name="signupbyemail" time="0.001"/>
  <system-out/>
</testsuite> <!-- revision.day40.SignUpTest -->
