<?xml version="1.0" encoding="UTF-8"?>
<!-- Generated by org.testng.reporters.JUnitReportReporter -->
<testsuite hostname="DESKTOP-QSD88I6" failures="0" tests="1" name="day39.HardAssertDemo" time="0.010" errors="0" timestamp="2024-03-20T13:04:52 IST" skipped="0">
  <testcase classname="day39.HardAssertDemo" name="Test" time="0.010"/>
  <system-out/>
</testsuite> <!-- day39.HardAssertDemo -->
