<?xml version="1.0" encoding="UTF-8"?>
<!-- Generated by org.testng.reporters.JUnitReportReporter -->
<testsuite hostname="DESKTOP-QSD88I6" failures="0" tests="3" name="third.Test1" time="6.073" errors="0" timestamp="2023-09-25T10:08:56 IST" skipped="0">
  <testcase classname="third.Test1" name="pageUrl" time="0.010"/>
  <system-out/>
  <testcase classname="third.Test1" name="testLogo" time="3.039"/>
  <system-out/>
  <testcase classname="third.Test1" name="pageTitle" time="3.024"/>
  <system-out/>
</testsuite> <!-- third.Test1 -->
