<?xml version="1.0" encoding="UTF-8"?>
<!-- Generated by org.testng.reporters.JUnitReportReporter -->
<testsuite hostname="DESKTOP-QSD88I6" failures="0" tests="4" name="revision.day38.FirstTest" time="0.014" errors="0" timestamp="2023-08-06T23:06:26 IST" skipped="0">
  <testcase classname="revision.day38.FirstTest" name="test1" time="0.012"/>
  <system-out/>
  <testcase classname="revision.day38.FirstTest" name="test2" time="0.001"/>
  <system-out/>
  <testcase classname="revision.day38.FirstTest" name="test3" time="0.001"/>
  <system-out/>
  <testcase classname="revision.day38.FirstTest" name="test4" time="0.000"/>
  <system-out/>
</testsuite> <!-- revision.day38.FirstTest -->
