<?xml version="1.0" encoding="UTF-8"?>
<!-- Generated by org.testng.reporters.JUnitReportReporter -->
<testsuite hostname="DESKTOP-QSD88I6" failures="0" tests="4" name="day38.OrangeHrmLogin" time="11.428" errors="0" timestamp="2024-05-04T17:29:17 IST" skipped="0">
  <testcase classname="day38.OrangeHrmLogin" name="openapp" time="10.186"/>
  <system-out/>
  <testcase classname="day38.OrangeHrmLogin" name="testlogo" time="0.138"/>
  <system-out/>
  <testcase classname="day38.OrangeHrmLogin" name="testlogin" time="0.646"/>
  <system-out/>
  <testcase classname="day38.OrangeHrmLogin" name="logout" time="0.458"/>
  <system-out/>
</testsuite> <!-- day38.OrangeHrmLogin -->
