<?xml version="1.0" encoding="UTF-8"?>
<!-- Generated by org.testng.reporters.JUnitReportReporter -->
<testsuite hostname="DESKTOP-QSD88I6" failures="0" tests="2" name="day39.AnnotationsDemo2" time="0.005" errors="0" timestamp="2024-03-20T12:49:08 IST" skipped="0">
  <testcase classname="day39.AnnotationsDemo2" name="serach" time="0.001"/>
  <system-out/>
  <testcase classname="day39.AnnotationsDemo2" name="avanceserach" time="0.004"/>
  <system-out/>
</testsuite> <!-- day39.AnnotationsDemo2 -->
