<?xml version="1.0" encoding="UTF-8"?>
<!-- Generated by org.testng.reporters.JUnitReportReporter -->
<testsuite hostname="DESKTOP-QSD88I6" failures="0" tests="1" name="revision.day42.LoginTest" time="3.569" errors="0" timestamp="2023-08-07T20:53:04 IST" skipped="0">
  <testcase classname="revision.day42.LoginTest" name="login" time="3.569"/>
  <system-out/>
</testsuite> <!-- revision.day42.LoginTest -->
