<?xml version="1.0" encoding="UTF-8"?>
<!-- Generated by org.testng.reporters.JUnitReportReporter -->
<testsuite hostname="DESKTOP-QSD88I6" failures="0" tests="3" name="day100.paramereTest" time="9.134" errors="0" timestamp="2024-03-20T13:57:58 IST" skipped="0">
  <testcase classname="day100.paramereTest" name="logo" time="3.074"/>
  <system-out/>
  <testcase classname="day100.paramereTest" name="CurrentUrl" time="3.042"/>
  <system-out/>
  <testcase classname="day100.paramereTest" name="Title" time="3.018"/>
  <system-out/>
</testsuite> <!-- day100.paramereTest -->
