<?xml version="1.0" encoding="UTF-8"?>
<!-- Generated by org.testng.reporters.JUnitReportReporter -->
<testsuite hostname="DESKTOP-QSD88I6" failures="0" tests="1" name="Hardaass" time="0.011" errors="0" timestamp="2023-09-24T20:46:03 IST" skipped="0">
  <testcase classname="Hardaass" name="soft" time="0.011"/>
  <system-out/>
</testsuite> <!-- Hardaass -->
