<?xml version="1.0" encoding="UTF-8"?>
<!-- Generated by org.testng.reporters.JUnitReportReporter -->
<testsuite hostname="DESKTOP-QSD88I6" failures="0" tests="1" name="day42.TestHomePage" time="1.317" errors="0" timestamp="2024-02-27T16:20:50 IST" skipped="0">
  <testcase classname="day42.TestHomePage" name="testLogin" time="1.317"/>
  <system-out/>
</testsuite> <!-- day42.TestHomePage -->
