<?xml version="1.0" encoding="UTF-8"?>
<!-- Generated by org.testng.reporters.JUnitReportReporter -->
<testsuite hostname="DESKTOP-QSD88I6" failures="0" tests="3" name="day41.OrangHrmTest" time="5.220" errors="0" timestamp="2024-01-07T12:04:15 IST" skipped="0">
  <testcase classname="day41.OrangHrmTest" name="testLogo" time="5.175"/>
  <system-out/>
  <testcase classname="day41.OrangHrmTest" name="testAppURL" time="0.025"/>
  <system-out/>
  <testcase classname="day41.OrangHrmTest" name="testHomePageTitle" time="0.020"/>
  <system-out/>
</testsuite> <!-- day41.OrangHrmTest -->
