<?xml version="1.0" encoding="UTF-8"?>
<!-- Generated by org.testng.reporters.JUnitReportReporter -->
<testsuite hostname="DESKTOP-QSD88I6" failures="0" tests="1" name="pom.LoginTest" time="7.795" errors="0" timestamp="2024-02-27T20:03:50 IST" skipped="0">
  <testcase classname="pom.LoginTest" name="login" time="7.795"/>
  <system-out/>
</testsuite> <!-- pom.LoginTest -->
