<?xml version="1.0" encoding="UTF-8"?>
<!-- Generated by org.testng.reporters.JUnitReportReporter -->
<testsuite hostname="DESKTOP-QSD88I6" failures="0" tests="1" name="Demos" time="0.010" errors="0" timestamp="2024-03-21T11:19:56 IST" skipped="0">
  <testcase classname="Demos" name="main" time="0.010"/>
  <system-out/>
</testsuite> <!-- Demos -->
