<?xml version="1.0" encoding="UTF-8"?>
<!-- Generated by org.testng.reporters.JUnitReportReporter -->
<testsuite hostname="DESKTOP-QSD88I6" failures="0" tests="1" name="Saturday.Practice2" time="2.837" errors="0" timestamp="2024-01-07T22:15:22 IST" skipped="0">
  <testcase classname="Saturday.Practice2" name="login" time="2.837"/>
  <system-out/>
</testsuite> <!-- Saturday.Practice2 -->
