<?xml version="1.0" encoding="UTF-8"?>
<!-- Generated by org.testng.reporters.JUnitReportReporter -->
<testsuite hostname="DESKTOP-QSD88I6" failures="0" tests="1" name="day40.PayementTests" time="0.002" errors="0" timestamp="2023-12-03T20:47:00 IST" skipped="0">
  <testcase classname="day40.PayementTests" name="paymentReturnbyBank" time="0.002"/>
  <system-out/>
</testsuite> <!-- day40.PayementTests -->
