<?xml version="1.0" encoding="UTF-8"?>
<!-- Generated by org.testng.reporters.JUnitReportReporter -->
<testsuite hostname="DESKTOP-QSD88I6" failures="0" tests="2" name="day39.AnnotationsDemo1" time="0.021" errors="0" timestamp="2024-03-20T12:50:39 IST" skipped="0">
  <testcase classname="day39.AnnotationsDemo1" name="serach" time="0.010"/>
  <system-out/>
  <testcase classname="day39.AnnotationsDemo1" name="avanceserach" time="0.011"/>
  <system-out/>
</testsuite> <!-- day39.AnnotationsDemo1 -->
