<?xml version="1.0" encoding="UTF-8"?>
<!-- Generated by org.testng.reporters.JUnitReportReporter -->
<testsuite hostname="DESKTOP-QSD88I6" failures="0" tests="1" name="Pom_101.Login" time="5.346" errors="0" timestamp="2024-03-22T22:54:59 IST" skipped="0">
  <testcase classname="Pom_101.Login" name="login" time="5.346"/>
  <system-out/>
</testsuite> <!-- Pom_101.Login -->
