<?xml version="1.0" encoding="UTF-8"?>
<!-- Generated by org.testng.reporters.JUnitReportReporter -->
<testsuite hostname="DESKTOP-QSD88I6" failures="0" tests="2" name="revision.day39.AnnotationDemo" time="0.005" errors="0" timestamp="2023-08-07T10:14:04 IST" skipped="0">
  <testcase classname="revision.day39.AnnotationDemo" name="Advsearch" time="0.004"/>
  <system-out/>
  <testcase classname="revision.day39.AnnotationDemo" name="search" time="0.001"/>
  <system-out/>
</testsuite> <!-- revision.day39.AnnotationDemo -->
