<?xml version="1.0" encoding="UTF-8"?>
<!-- Generated by org.testng.reporters.JUnitReportReporter -->
<testsuite hostname="DESKTOP-QSD88I6" failures="0" tests="3" name="day41.MyTest" time="0.008" errors="0" timestamp="2024-03-22T11:38:33 IST" skipped="0">
  <testcase classname="day41.MyTest" name="test1" time="0.006"/>
  <system-out/>
  <testcase classname="day41.MyTest" name="test2" time="0.001"/>
  <system-out/>
  <testcase classname="day41.MyTest" name="test3" time="0.001"/>
  <system-out/>
</testsuite> <!-- day41.MyTest -->
