<?xml version="1.0" encoding="UTF-8"?>
<!-- Generated by org.testng.reporters.JUnitReportReporter -->
<testsuite hostname="DESKTOP-QSD88I6" failures="0" tests="1" name="revision.day40.PayementTest" time="0.007" errors="0" timestamp="2024-01-07T11:00:35 IST" skipped="0">
  <testcase classname="revision.day40.PayementTest" name="paymentindollar" time="0.007"/>
  <system-out/>
</testsuite> <!-- revision.day40.PayementTest -->
