<?xml version="1.0" encoding="UTF-8"?>
<!-- Generated by org.testng.reporters.JUnitReportReporter -->
<testsuite hostname="DESKTOP-QSD88I6" failures="0" tests="1" name="Demo" time="0.012" errors="0" timestamp="2024-02-22T12:02:49 IST" skipped="0">
  <testcase classname="Demo" name="main" time="0.012"/>
  <system-out/>
</testsuite> <!-- Demo -->
