<?xml version="1.0" encoding="UTF-8"?>
<!-- Generated by org.testng.reporters.JUnitReportReporter -->
<testsuite hostname="DESKTOP-QSD88I6" failures="0" tests="1" name="revision.day40.LoginTest" time="0.002" errors="0" timestamp="2024-01-07T11:00:35 IST" skipped="0">
  <testcase classname="revision.day40.LoginTest" name="loginByEmail" time="0.002"/>
  <system-out/>
</testsuite> <!-- revision.day40.LoginTest -->
