<?xml version="1.0" encoding="UTF-8"?>
<!-- Generated by org.testng.reporters.JUnitReportReporter -->
<testsuite hostname="DESKTOP-QSD88I6" failures="0" tests="4" name="revision.day38.OrangeHrmLogin" time="14.314" errors="0" timestamp="2023-08-06T23:06:26 IST" skipped="0">
  <testcase classname="revision.day38.OrangeHrmLogin" name="opeapp" time="11.918"/>
  <system-out/>
  <testcase classname="revision.day38.OrangeHrmLogin" name="logo" time="0.079"/>
  <system-out/>
  <testcase classname="revision.day38.OrangeHrmLogin" name="login" time="2.078"/>
  <system-out/>
  <testcase classname="revision.day38.OrangeHrmLogin" name="close" time="0.239"/>
  <system-out/>
</testsuite> <!-- revision.day38.OrangeHrmLogin -->
