<?xml version="1.0" encoding="UTF-8"?>
<!-- Generated by org.testng.reporters.JUnitReportReporter -->
<testsuite hostname="DESKTOP-QSD88I6" failures="0" tests="3" name="day38.FirstTest" time="0.011" errors="0" timestamp="2024-05-04T17:28:47 IST" skipped="0">
  <testcase classname="day38.FirstTest" name="openapp" time="0.007"/>
  <system-out/>
  <testcase classname="day38.FirstTest" name="login" time="0.002"/>
  <system-out/>
  <testcase classname="day38.FirstTest" name="logout" time="0.002"/>
  <system-out/>
</testsuite> <!-- day38.FirstTest -->
