<?xml version="1.0" encoding="UTF-8"?>
<!-- Generated by org.testng.reporters.JUnitReportReporter -->
<testsuite hostname="DESKTOP-QSD88I6" failures="0" tests="4" name="demotoday.TestNG" time="0.009" errors="0" timestamp="2023-12-02T21:07:23 IST" skipped="0">
  <testcase classname="demotoday.TestNG" name="m1" time="0.007"/>
  <system-out/>
  <testcase classname="demotoday.TestNG" name="m2" time="0.001"/>
  <system-out/>
  <testcase classname="demotoday.TestNG" name="m3" time="0.001"/>
  <system-out/>
  <testcase classname="demotoday.TestNG" name="m4" time="0.000"/>
  <system-out/>
</testsuite> <!-- demotoday.TestNG -->
